Determining if the pthread_create exist failed with the following output:
Change Dir: /home/linux/imageHashTesting/CMakeFiles/CMakeTmp

Run Build Command:"/usr/bin/make" "cmTC_b642d/fast"
/usr/bin/make -f CMakeFiles/cmTC_b642d.dir/build.make CMakeFiles/cmTC_b642d.dir/build
make[1]: Entering directory `/home/linux/imageHashTesting/CMakeFiles/CMakeTmp'
Building C object CMakeFiles/cmTC_b642d.dir/CheckSymbolExists.c.o
/usr/bin/cc     -o CMakeFiles/cmTC_b642d.dir/CheckSymbolExists.c.o   -c /home/linux/imageHashTesting/CMakeFiles/CMakeTmp/CheckSymbolExists.c
Linking C executable cmTC_b642d
/home/linux/Downloads/clion-2016.3.2/bin/cmake/bin/cmake -E cmake_link_script CMakeFiles/cmTC_b642d.dir/link.txt --verbose=1
/usr/bin/cc       CMakeFiles/cmTC_b642d.dir/CheckSymbolExists.c.o  -o cmTC_b642d -rdynamic 
CMakeFiles/cmTC_b642d.dir/CheckSymbolExists.c.o: In function `main':
CheckSymbolExists.c:(.text+0x16): undefined reference to `pthread_create'
collect2: error: ld returned 1 exit status
make[1]: *** [cmTC_b642d] Error 1
make[1]: Leaving directory `/home/linux/imageHashTesting/CMakeFiles/CMakeTmp'
make: *** [cmTC_b642d/fast] Error 2

File /home/linux/imageHashTesting/CMakeFiles/CMakeTmp/CheckSymbolExists.c:
/* */
#include <pthread.h>

int main(int argc, char** argv)
{
  (void)argv;
#ifndef pthread_create
  return ((int*)(&pthread_create))[argc];
#else
  (void)argc;
  return 0;
#endif
}

Determining if the function pthread_create exists in the pthreads failed with the following output:
Change Dir: /home/linux/imageHashTesting/CMakeFiles/CMakeTmp

Run Build Command:"/usr/bin/make" "cmTC_b0086/fast"
/usr/bin/make -f CMakeFiles/cmTC_b0086.dir/build.make CMakeFiles/cmTC_b0086.dir/build
make[1]: Entering directory `/home/linux/imageHashTesting/CMakeFiles/CMakeTmp'
Building C object CMakeFiles/cmTC_b0086.dir/CheckFunctionExists.c.o
/usr/bin/cc    -DCHECK_FUNCTION_EXISTS=pthread_create   -o CMakeFiles/cmTC_b0086.dir/CheckFunctionExists.c.o   -c /home/linux/Downloads/clion-2016.3.2/bin/cmake/share/cmake-3.6/Modules/CheckFunctionExists.c
Linking C executable cmTC_b0086
/home/linux/Downloads/clion-2016.3.2/bin/cmake/bin/cmake -E cmake_link_script CMakeFiles/cmTC_b0086.dir/link.txt --verbose=1
/usr/bin/cc   -DCHECK_FUNCTION_EXISTS=pthread_create    CMakeFiles/cmTC_b0086.dir/CheckFunctionExists.c.o  -o cmTC_b0086 -rdynamic -lpthreads 
/usr/bin/ld: cannot find -lpthreads
collect2: error: ld returned 1 exit status
make[1]: *** [cmTC_b0086] Error 1
make[1]: Leaving directory `/home/linux/imageHashTesting/CMakeFiles/CMakeTmp'
make: *** [cmTC_b0086/fast] Error 2


